<?xml version="1.0" encoding="UTF-8"?>
<!-- Generated by org.testng.reporters.JUnitXMLReporter -->
<testsuite hostname="DESKTOP-SHTR8IB" ignored="0" name="login" tests="2" failures="0" timestamp="19 Feb 2021 01:42:08 GMT" time="8.346" errors="0">
  <testcase name="To_check_Error_For_Invalid_Login" time="2.382" classname="com.tekarch.login.loginTekApp"/>
  <testcase name="to_Check_Whether_Login_Happening_Or_Not" time="4.319" classname="com.tekarch.login.loginTekApp"/>
</testsuite> <!-- login -->
