<?xml version="1.0" encoding="UTF-8"?>
<testsuite xmlns:xsi="http://www.w3.org/2001/XMLSchema-instance" xsi:noNamespaceSchemaLocation="https://maven.apache.org/surefire/maven-surefire-plugin/xsd/surefire-test-report.xsd" name="TestSuite" time="54.003" tests="7" errors="0" skipped="0" failures="4">
  <properties>
[...]
</properties>
  <testcase name="To_check_Error_For_Invalid_Login" classname="com.tekarch.login.loginTekApp" time="3.17"/>
  <testcase name="to_Check_Whether_Login_Happening_Or_Not" classname="com.tekarch.login.loginTekApp" time="2.425"/>
  <testcase name="To_check_whether_ADDITION_is_Working_Fine_Or_Not" classname="com.tekarch.calculator.calculator" time="6.434">
    <failure message="no such element: Unable to locate element: {&quot;method&quot;:&quot;xpath&quot;,&quot;selector&quot;:&quot;//form[@name=&apos;calculator&apos;]//input[@value=&apos;,,&apos;]&quot;}&#10;  (Session info: chrome=86.0.4240.75)&#10;For documentation on this error, please visit: http://seleniumhq.org/exceptions/no_such_element.html&#10;Build info: version: &apos;3.141.5&apos;, revision: &apos;d54ebd709a&apos;, time: &apos;2018-11-06T11:42:16&apos;&#10;System info: host: &apos;HANUMA-O6S338O&apos;, ip: &apos;192.168.174.1&apos;, os.name: &apos;Windows 10&apos;, os.arch: &apos;amd64&apos;, os.version: &apos;10.0&apos;, java.version: &apos;1.8.0_171&apos;&#10;Driver info: org.openqa.selenium.chrome.ChromeDriver&#10;Capabilities {acceptInsecureCerts: false, browserName: chrome, browserVersion: 86.0.4240.75, chrome: {chromedriverVersion: 86.0.4240.22 (398b0743353ff..., userDataDir: C:\Users\hanuma\AppData\Loc...}, goog:chromeOptions: {debuggerAddress: localhost:61879}, javascriptEnabled: true, networkConnectionEnabled: false, pageLoadStrategy: normal, platform: WINDOWS, platformName: WINDOWS, proxy: Proxy(), setWindowRect: true, strictFileInteractability: false, timeouts: {implicit: 0, pageLoad: 300000, script: 30000}, unhandledPromptBehavior: dismiss and notify, webauthn:virtualAuthenticators: true}&#10;Session ID: a0726e84711f153eaf5dab62f7f74b9a&#10;*** Element info: {Using=xpath, value=//form[@name=&apos;calculator&apos;]//input[@value=&apos;,,&apos;]}" type="org.openqa.selenium.NoSuchElementException">org.openqa.selenium.NoSuchElementException: 
no such element: Unable to locate element: {"method":"xpath","selector":"//form[@name='calculator']//input[@value=',,']"}
  (Session info: chrome=86.0.4240.75)
For documentation on this error, please visit: http://seleniumhq.org/exceptions/no_such_element.html
Build info: version: '3.141.5', revision: 'd54ebd709a', time: '2018-11-06T11:42:16'
System info: host: 'HANUMA-O6S338O', ip: '192.168.174.1', os.name: 'Windows 10', os.arch: 'amd64', os.version: '10.0', java.version: '1.8.0_171'
Driver info: org.openqa.selenium.chrome.ChromeDriver
Capabilities {acceptInsecureCerts: false, browserName: chrome, browserVersion: 86.0.4240.75, chrome: {chromedriverVersion: 86.0.4240.22 (398b0743353ff..., userDataDir: C:\Users\hanuma\AppData\Loc...}, goog:chromeOptions: {debuggerAddress: localhost:61879}, javascriptEnabled: true, networkConnectionEnabled: false, pageLoadStrategy: normal, platform: WINDOWS, platformName: WINDOWS, proxy: Proxy(), setWindowRect: true, strictFileInteractability: false, timeouts: {implicit: 0, pageLoad: 300000, script: 30000}, unhandledPromptBehavior: dismiss and notify, webauthn:virtualAuthenticators: true}
Session ID: a0726e84711f153eaf5dab62f7f74b9a
*** Element info: {Using=xpath, value=//form[@name='calculator']//input[@value=',,']}
	at com.tekarch.calculator.calculator.To_check_whether_ADDITION_is_Working_Fine_Or_Not(calculator.java:43)
</failure>
    <system-out><![CDATA[Test Suite is ending!
Test Suite started!
INFO BrowserUtilities : 88 - ******Element NOT Displayed : [[ChromeDriver: chrome on WINDOWS (a0726e84711f153eaf5dab62f7f74b9a)] -> xpath: //a[contains(text(),'Home')]]
INFO BrowserUtilities : 85 - Element Displayed : [[ChromeDriver: chrome on WINDOWS (a0726e84711f153eaf5dab62f7f74b9a)] -> xpath: //a[contains(text(),'Home')]]
INFO BrowserUtilities : 122 - Displayed [[ChromeDriver: chrome on WINDOWS (a0726e84711f153eaf5dab62f7f74b9a)] -> xpath: //a[contains(text(),'Home')]]
INFO BrowserUtilities : 85 - Element Displayed : [[ChromeDriver: chrome on WINDOWS (a0726e84711f153eaf5dab62f7f74b9a)] -> xpath: //a[contains(text(),'Home')]]
To_check_whether_ADDITION_is_Working_Fine_Or_Not started!
INFO BrowserUtilities : 88 - ******Element NOT Displayed : [[ChromeDriver: chrome on WINDOWS (a0726e84711f153eaf5dab62f7f74b9a)] -> xpath: //input[@value='/']]
INFO BrowserUtilities : 85 - Element Displayed : [[ChromeDriver: chrome on WINDOWS (a0726e84711f153eaf5dab62f7f74b9a)] -> xpath: //input[@value='/']]
INFO pocalculator : 105 - Proxy element for: DefaultElementLocator 'By.xpath: //form[@name='calculator']//input[@value=',,']'
To_check_whether_ADDITION_is_Working_Fine_Or_Not failed!
E:\workspace\POM_XERO/screenshots/calculator_To_check_whether_ADDITION_is_Working_Fine_Or_Not.jpg
]]></system-out>
  </testcase>
  <testcase name="To_check_whether_SUBTRACTION_is_Working_Fine_Or_Not" classname="com.tekarch.calculator.calculator" time="4.356">
    <failure message="no such element: Unable to locate element: {&quot;method&quot;:&quot;xpath&quot;,&quot;selector&quot;:&quot;//form[@name=&apos;calculator&apos;]//input[@value=&apos;,,&apos;]&quot;}&#10;  (Session info: chrome=86.0.4240.75)&#10;For documentation on this error, please visit: http://seleniumhq.org/exceptions/no_such_element.html&#10;Build info: version: &apos;3.141.5&apos;, revision: &apos;d54ebd709a&apos;, time: &apos;2018-11-06T11:42:16&apos;&#10;System info: host: &apos;HANUMA-O6S338O&apos;, ip: &apos;192.168.174.1&apos;, os.name: &apos;Windows 10&apos;, os.arch: &apos;amd64&apos;, os.version: &apos;10.0&apos;, java.version: &apos;1.8.0_171&apos;&#10;Driver info: org.openqa.selenium.chrome.ChromeDriver&#10;Capabilities {acceptInsecureCerts: false, browserName: chrome, browserVersion: 86.0.4240.75, chrome: {chromedriverVersion: 86.0.4240.22 (398b0743353ff..., userDataDir: C:\Users\hanuma\AppData\Loc...}, goog:chromeOptions: {debuggerAddress: localhost:61879}, javascriptEnabled: true, networkConnectionEnabled: false, pageLoadStrategy: normal, platform: WINDOWS, platformName: WINDOWS, proxy: Proxy(), setWindowRect: true, strictFileInteractability: false, timeouts: {implicit: 0, pageLoad: 300000, script: 30000}, unhandledPromptBehavior: dismiss and notify, webauthn:virtualAuthenticators: true}&#10;Session ID: a0726e84711f153eaf5dab62f7f74b9a&#10;*** Element info: {Using=xpath, value=//form[@name=&apos;calculator&apos;]//input[@value=&apos;,,&apos;]}" type="org.openqa.selenium.NoSuchElementException">org.openqa.selenium.NoSuchElementException: 
no such element: Unable to locate element: {"method":"xpath","selector":"//form[@name='calculator']//input[@value=',,']"}
  (Session info: chrome=86.0.4240.75)
For documentation on this error, please visit: http://seleniumhq.org/exceptions/no_such_element.html
Build info: version: '3.141.5', revision: 'd54ebd709a', time: '2018-11-06T11:42:16'
System info: host: 'HANUMA-O6S338O', ip: '192.168.174.1', os.name: 'Windows 10', os.arch: 'amd64', os.version: '10.0', java.version: '1.8.0_171'
Driver info: org.openqa.selenium.chrome.ChromeDriver
Capabilities {acceptInsecureCerts: false, browserName: chrome, browserVersion: 86.0.4240.75, chrome: {chromedriverVersion: 86.0.4240.22 (398b0743353ff..., userDataDir: C:\Users\hanuma\AppData\Loc...}, goog:chromeOptions: {debuggerAddress: localhost:61879}, javascriptEnabled: true, networkConnectionEnabled: false, pageLoadStrategy: normal, platform: WINDOWS, platformName: WINDOWS, proxy: Proxy(), setWindowRect: true, strictFileInteractability: false, timeouts: {implicit: 0, pageLoad: 300000, script: 30000}, unhandledPromptBehavior: dismiss and notify, webauthn:virtualAuthenticators: true}
Session ID: a0726e84711f153eaf5dab62f7f74b9a
*** Element info: {Using=xpath, value=//form[@name='calculator']//input[@value=',,']}
	at com.tekarch.calculator.calculator.To_check_whether_SUBTRACTION_is_Working_Fine_Or_Not(calculator.java:48)
</failure>
    <system-out><![CDATA[INFO BrowserUtilities : 88 - ******Element NOT Displayed : [[ChromeDriver: chrome on WINDOWS (a0726e84711f153eaf5dab62f7f74b9a)] -> xpath: //a[contains(text(),'Home')]]
INFO BrowserUtilities : 85 - Element Displayed : [[ChromeDriver: chrome on WINDOWS (a0726e84711f153eaf5dab62f7f74b9a)] -> xpath: //a[contains(text(),'Home')]]
To_check_whether_SUBTRACTION_is_Working_Fine_Or_Not started!
INFO BrowserUtilities : 88 - ******Element NOT Displayed : [[ChromeDriver: chrome on WINDOWS (a0726e84711f153eaf5dab62f7f74b9a)] -> xpath: //input[@value='/']]
INFO BrowserUtilities : 85 - Element Displayed : [[ChromeDriver: chrome on WINDOWS (a0726e84711f153eaf5dab62f7f74b9a)] -> xpath: //input[@value='/']]
INFO pocalculator : 105 - [[ChromeDriver: chrome on WINDOWS (a0726e84711f153eaf5dab62f7f74b9a)] -> xpath: //input[@value='3']]
INFO pocalculator : 105 - [[ChromeDriver: chrome on WINDOWS (a0726e84711f153eaf5dab62f7f74b9a)] -> xpath: //input[@value='4']]
INFO pocalculator : 105 - Proxy element for: DefaultElementLocator 'By.xpath: //form[@name='calculator']//input[@value=',,']'
To_check_whether_SUBTRACTION_is_Working_Fine_Or_Not failed!
E:\workspace\POM_XERO/screenshots/calculator_To_check_whether_SUBTRACTION_is_Working_Fine_Or_Not.jpg
]]></system-out>
  </testcase>
  <testcase name="To_check_whether_MULTIPLICATION_is_Working_Fine_Or_Not" classname="com.tekarch.calculator.calculator" time="3.786">
    <failure message="no such element: Unable to locate element: {&quot;method&quot;:&quot;xpath&quot;,&quot;selector&quot;:&quot;//form[@name=&apos;calculator&apos;]//input[@value=&apos;,,&apos;]&quot;}&#10;  (Session info: chrome=86.0.4240.75)&#10;For documentation on this error, please visit: http://seleniumhq.org/exceptions/no_such_element.html&#10;Build info: version: &apos;3.141.5&apos;, revision: &apos;d54ebd709a&apos;, time: &apos;2018-11-06T11:42:16&apos;&#10;System info: host: &apos;HANUMA-O6S338O&apos;, ip: &apos;192.168.174.1&apos;, os.name: &apos;Windows 10&apos;, os.arch: &apos;amd64&apos;, os.version: &apos;10.0&apos;, java.version: &apos;1.8.0_171&apos;&#10;Driver info: org.openqa.selenium.chrome.ChromeDriver&#10;Capabilities {acceptInsecureCerts: false, browserName: chrome, browserVersion: 86.0.4240.75, chrome: {chromedriverVersion: 86.0.4240.22 (398b0743353ff..., userDataDir: C:\Users\hanuma\AppData\Loc...}, goog:chromeOptions: {debuggerAddress: localhost:61879}, javascriptEnabled: true, networkConnectionEnabled: false, pageLoadStrategy: normal, platform: WINDOWS, platformName: WINDOWS, proxy: Proxy(), setWindowRect: true, strictFileInteractability: false, timeouts: {implicit: 0, pageLoad: 300000, script: 30000}, unhandledPromptBehavior: dismiss and notify, webauthn:virtualAuthenticators: true}&#10;Session ID: a0726e84711f153eaf5dab62f7f74b9a&#10;*** Element info: {Using=xpath, value=//form[@name=&apos;calculator&apos;]//input[@value=&apos;,,&apos;]}" type="org.openqa.selenium.NoSuchElementException">org.openqa.selenium.NoSuchElementException: 
no such element: Unable to locate element: {"method":"xpath","selector":"//form[@name='calculator']//input[@value=',,']"}
  (Session info: chrome=86.0.4240.75)
For documentation on this error, please visit: http://seleniumhq.org/exceptions/no_such_element.html
Build info: version: '3.141.5', revision: 'd54ebd709a', time: '2018-11-06T11:42:16'
System info: host: 'HANUMA-O6S338O', ip: '192.168.174.1', os.name: 'Windows 10', os.arch: 'amd64', os.version: '10.0', java.version: '1.8.0_171'
Driver info: org.openqa.selenium.chrome.ChromeDriver
Capabilities {acceptInsecureCerts: false, browserName: chrome, browserVersion: 86.0.4240.75, chrome: {chromedriverVersion: 86.0.4240.22 (398b0743353ff..., userDataDir: C:\Users\hanuma\AppData\Loc...}, goog:chromeOptions: {debuggerAddress: localhost:61879}, javascriptEnabled: true, networkConnectionEnabled: false, pageLoadStrategy: normal, platform: WINDOWS, platformName: WINDOWS, proxy: Proxy(), setWindowRect: true, strictFileInteractability: false, timeouts: {implicit: 0, pageLoad: 300000, script: 30000}, unhandledPromptBehavior: dismiss and notify, webauthn:virtualAuthenticators: true}
Session ID: a0726e84711f153eaf5dab62f7f74b9a
*** Element info: {Using=xpath, value=//form[@name='calculator']//input[@value=',,']}
	at com.tekarch.calculator.calculator.To_check_whether_MULTIPLICATION_is_Working_Fine_Or_Not(calculator.java:53)
</failure>
    <system-out><![CDATA[INFO BrowserUtilities : 88 - ******Element NOT Displayed : [[ChromeDriver: chrome on WINDOWS (a0726e84711f153eaf5dab62f7f74b9a)] -> xpath: //a[contains(text(),'Home')]]
INFO BrowserUtilities : 85 - Element Displayed : [[ChromeDriver: chrome on WINDOWS (a0726e84711f153eaf5dab62f7f74b9a)] -> xpath: //a[contains(text(),'Home')]]
To_check_whether_MULTIPLICATION_is_Working_Fine_Or_Not started!
INFO BrowserUtilities : 88 - ******Element NOT Displayed : [[ChromeDriver: chrome on WINDOWS (a0726e84711f153eaf5dab62f7f74b9a)] -> xpath: //input[@value='/']]
INFO BrowserUtilities : 85 - Element Displayed : [[ChromeDriver: chrome on WINDOWS (a0726e84711f153eaf5dab62f7f74b9a)] -> xpath: //input[@value='/']]
INFO pocalculator : 105 - Proxy element for: DefaultElementLocator 'By.xpath: //form[@name='calculator']//input[@value=',,']'
To_check_whether_MULTIPLICATION_is_Working_Fine_Or_Not failed!
E:\workspace\POM_XERO/screenshots/calculator_To_check_whether_MULTIPLICATION_is_Working_Fine_Or_Not.jpg
]]></system-out>
  </testcase>
  <testcase name="To_check_whether_DIVISION_is_Working_Fine_Or_Not" classname="com.tekarch.calculator.calculator" time="4.035">
    <failure message="no such element: Unable to locate element: {&quot;method&quot;:&quot;xpath&quot;,&quot;selector&quot;:&quot;//form[@name=&apos;calculator&apos;]//input[@value=&apos;,,&apos;]&quot;}&#10;  (Session info: chrome=86.0.4240.75)&#10;For documentation on this error, please visit: http://seleniumhq.org/exceptions/no_such_element.html&#10;Build info: version: &apos;3.141.5&apos;, revision: &apos;d54ebd709a&apos;, time: &apos;2018-11-06T11:42:16&apos;&#10;System info: host: &apos;HANUMA-O6S338O&apos;, ip: &apos;192.168.174.1&apos;, os.name: &apos;Windows 10&apos;, os.arch: &apos;amd64&apos;, os.version: &apos;10.0&apos;, java.version: &apos;1.8.0_171&apos;&#10;Driver info: org.openqa.selenium.chrome.ChromeDriver&#10;Capabilities {acceptInsecureCerts: false, browserName: chrome, browserVersion: 86.0.4240.75, chrome: {chromedriverVersion: 86.0.4240.22 (398b0743353ff..., userDataDir: C:\Users\hanuma\AppData\Loc...}, goog:chromeOptions: {debuggerAddress: localhost:61879}, javascriptEnabled: true, networkConnectionEnabled: false, pageLoadStrategy: normal, platform: WINDOWS, platformName: WINDOWS, proxy: Proxy(), setWindowRect: true, strictFileInteractability: false, timeouts: {implicit: 0, pageLoad: 300000, script: 30000}, unhandledPromptBehavior: dismiss and notify, webauthn:virtualAuthenticators: true}&#10;Session ID: a0726e84711f153eaf5dab62f7f74b9a&#10;*** Element info: {Using=xpath, value=//form[@name=&apos;calculator&apos;]//input[@value=&apos;,,&apos;]}" type="org.openqa.selenium.NoSuchElementException">org.openqa.selenium.NoSuchElementException: 
no such element: Unable to locate element: {"method":"xpath","selector":"//form[@name='calculator']//input[@value=',,']"}
  (Session info: chrome=86.0.4240.75)
For documentation on this error, please visit: http://seleniumhq.org/exceptions/no_such_element.html
Build info: version: '3.141.5', revision: 'd54ebd709a', time: '2018-11-06T11:42:16'
System info: host: 'HANUMA-O6S338O', ip: '192.168.174.1', os.name: 'Windows 10', os.arch: 'amd64', os.version: '10.0', java.version: '1.8.0_171'
Driver info: org.openqa.selenium.chrome.ChromeDriver
Capabilities {acceptInsecureCerts: false, browserName: chrome, browserVersion: 86.0.4240.75, chrome: {chromedriverVersion: 86.0.4240.22 (398b0743353ff..., userDataDir: C:\Users\hanuma\AppData\Loc...}, goog:chromeOptions: {debuggerAddress: localhost:61879}, javascriptEnabled: true, networkConnectionEnabled: false, pageLoadStrategy: normal, platform: WINDOWS, platformName: WINDOWS, proxy: Proxy(), setWindowRect: true, strictFileInteractability: false, timeouts: {implicit: 0, pageLoad: 300000, script: 30000}, unhandledPromptBehavior: dismiss and notify, webauthn:virtualAuthenticators: true}
Session ID: a0726e84711f153eaf5dab62f7f74b9a
*** Element info: {Using=xpath, value=//form[@name='calculator']//input[@value=',,']}
	at com.tekarch.calculator.calculator.To_check_whether_DIVISION_is_Working_Fine_Or_Not(calculator.java:57)
</failure>
    <system-out><![CDATA[INFO BrowserUtilities : 88 - ******Element NOT Displayed : [[ChromeDriver: chrome on WINDOWS (a0726e84711f153eaf5dab62f7f74b9a)] -> xpath: //a[contains(text(),'Home')]]
INFO BrowserUtilities : 85 - Element Displayed : [[ChromeDriver: chrome on WINDOWS (a0726e84711f153eaf5dab62f7f74b9a)] -> xpath: //a[contains(text(),'Home')]]
To_check_whether_DIVISION_is_Working_Fine_Or_Not started!
INFO BrowserUtilities : 88 - ******Element NOT Displayed : [[ChromeDriver: chrome on WINDOWS (a0726e84711f153eaf5dab62f7f74b9a)] -> xpath: //input[@value='/']]
INFO BrowserUtilities : 85 - Element Displayed : [[ChromeDriver: chrome on WINDOWS (a0726e84711f153eaf5dab62f7f74b9a)] -> xpath: //input[@value='/']]
INFO pocalculator : 105 - [[ChromeDriver: chrome on WINDOWS (a0726e84711f153eaf5dab62f7f74b9a)] -> xpath: //input[@value='3']]
INFO pocalculator : 105 - [[ChromeDriver: chrome on WINDOWS (a0726e84711f153eaf5dab62f7f74b9a)] -> xpath: //input[@value='4']]
INFO pocalculator : 105 - Proxy element for: DefaultElementLocator 'By.xpath: //form[@name='calculator']//input[@value=',,']'
To_check_whether_DIVISION_is_Working_Fine_Or_Not failed!
E:\workspace\POM_XERO/screenshots/calculator_To_check_whether_DIVISION_is_Working_Fine_Or_Not.jpg
]]></system-out>
  </testcase>
  <testcase name="To_check_whether_LOGOUT_is_Working_Fine_Or_Not" classname="com.tekarch.calculator.calculator" time="0.069"/>
</testsuite>